

Started GET "/assets/rails.png" for 59.134.163.107 at 2013-01-27 15:25:10 +0900
Served asset /rails.png - 200 OK (7ms)
  [1m[36m (24.1ms)[0m  [1mCREATE TABLE `schema_migrations` (`version` varchar(255) NOT NULL) ENGINE=InnoDB[0m
  [1m[35m (4.5ms)[0m  CREATE UNIQUE INDEX `unique_schema_migrations` ON `schema_migrations` (`version`)
  [1m[36m (0.2ms)[0m  [1mSELECT `schema_migrations`.`version` FROM `schema_migrations` [0m
Migrating to CreateMusics (20130127083445)
  [1m[35m (2.3ms)[0m  CREATE TABLE `musics` (`id` int(11) DEFAULT NULL auto_increment PRIMARY KEY, `title` varchar(255), `description` text, `num_download` int(11), `image_url` varchar(255), `download_path` varchar(255), `created_at` datetime NOT NULL, `updated_at` datetime NOT NULL) ENGINE=InnoDB
  [1m[36m (0.4ms)[0m  [1mINSERT INTO `schema_migrations` (`version`) VALUES ('20130127083445')[0m
Migrating to RemoveDownloadPathFromMusic (20130127100059)
  [1m[35m (3.3ms)[0m  ALTER TABLE `musics` DROP `download_path`
  [1m[36m (0.4ms)[0m  [1mINSERT INTO `schema_migrations` (`version`) VALUES ('20130127100059')[0m
Migrating to RemoveImageUrlFromMusic (20130127100132)
  [1m[35m (3.8ms)[0m  ALTER TABLE `musics` DROP `image_url`
  [1m[36m (0.4ms)[0m  [1mINSERT INTO `schema_migrations` (`version`) VALUES ('20130127100132')[0m
Migrating to AddComposerToMusic (20130127103225)
  [1m[35m (3.1ms)[0m  ALTER TABLE `musics` ADD `composer` varchar(255)
  [1m[36m (0.4ms)[0m  [1mINSERT INTO `schema_migrations` (`version`) VALUES ('20130127103225')[0m
  [1m[35m (0.2ms)[0m  SELECT `schema_migrations`.`version` FROM `schema_migrations` 
  [1m[36m (0.2ms)[0m  [1mSELECT `schema_migrations`.`version` FROM `schema_migrations` [0m
  [1m[35m (0.1ms)[0m  BEGIN
  [1m[36mSQL (0.2ms)[0m  [1mINSERT INTO `musics` (`composer`, `created_at`, `description`, `num_download`, `title`, `updated_at`) VALUES ('Yasunori Mitsuda', '2013-01-27 10:46:43', 'WindScene from ChronoTrigger.', 0, 'WindScene', '2013-01-27 10:46:43')[0m
  [1m[35m (2.4ms)[0m  COMMIT
  [1m[36m (0.1ms)[0m  [1mBEGIN[0m
  [1m[35mSQL (0.1ms)[0m  INSERT INTO `musics` (`composer`, `created_at`, `description`, `num_download`, `title`, `updated_at`) VALUES ('Yasunori Mitsuda', '2013-01-27 10:46:43', 'Corridor of time from ChronoTrigger.', 0, 'CorridorOfTime', '2013-01-27 10:46:43')
  [1m[36m (0.3ms)[0m  [1mCOMMIT[0m
  [1m[35m (0.1ms)[0m  BEGIN
  [1m[36mSQL (0.2ms)[0m  [1mINSERT INTO `musics` (`composer`, `created_at`, `description`, `num_download`, `title`, `updated_at`) VALUES ('Shiro Sagisu', '2013-01-27 10:46:43', 'Deciscive battle from Evangelion.', 0, 'EvaDecisciveBattle', '2013-01-27 10:46:43')[0m
  [1m[35m (0.3ms)[0m  COMMIT
  [1m[36m (0.1ms)[0m  [1mBEGIN[0m
  [1m[35mSQL (0.2ms)[0m  INSERT INTO `musics` (`composer`, `created_at`, `description`, `num_download`, `title`, `updated_at`) VALUES ('Klaus Badelt', '2013-01-27 10:46:43', 'He\'s a pirate from Pirates Of The Caribbean.', 0, 'HesApirate', '2013-01-27 10:46:43')
  [1m[36m (0.4ms)[0m  [1mCOMMIT[0m
  [1m[35m (0.1ms)[0m  BEGIN
  [1m[36mSQL (0.1ms)[0m  [1mINSERT INTO `musics` (`composer`, `created_at`, `description`, `num_download`, `title`, `updated_at`) VALUES ('Joe Hisaishi', '2013-01-27 10:46:43', 'Summer from Kikujiro.', 0, 'Summer', '2013-01-27 10:46:43')[0m
  [1m[35m (0.4ms)[0m  COMMIT
  [1m[36m (0.1ms)[0m  [1mBEGIN[0m
  [1m[35mSQL (0.1ms)[0m  INSERT INTO `musics` (`composer`, `created_at`, `description`, `num_download`, `title`, `updated_at`) VALUES ('Yasunori Mitsuda', '2013-01-27 10:46:43', 'Frogs theme from ChronoTrigger.', 0, 'FrogsTheme', '2013-01-27 10:46:43')
  [1m[36m (0.4ms)[0m  [1mCOMMIT[0m


Started GET "/assets/rails.png" for 59.134.163.107 at 2013-01-27 19:47:04 +0900
Served asset /rails.png - 200 OK (2ms)


Started GET "/musics" for 59.134.163.107 at 2013-01-27 19:47:08 +0900
Processing by MusicsController#index as HTML
  [1m[36mMusic Load (0.3ms)[0m  [1mSELECT `musics`.* FROM `musics` [0m
  Rendered musics/index.html.erb within layouts/application (31.9ms)
Compiled twitter-bootstrap-static/bootstrap.css  (72ms)  (pid 25940)
Compiled twitter-bootstrap-static/fontawesome.css  (12ms)  (pid 25940)
Compiled bootstrap_and_overrides.css  (102ms)  (pid 25940)
Compiled bootstrap_and_overrides.css  (1285ms)  (pid 25940)
Compiled musics.css  (8ms)  (pid 25940)
Compiled scaffolds.css  (16ms)  (pid 25940)
Compiled application.css  (1512ms)  (pid 25940)
Completed 200 OK in 1659ms (Views: 1627.7ms | ActiveRecord: 0.3ms)


Started GET "/assets/application.css?body=1" for 59.134.163.107 at 2013-01-27 19:47:10 +0900
Served asset /application.css - 200 OK (46ms)


Started GET "/assets/twitter-bootstrap-static/bootstrap.css?body=1" for 59.134.163.107 at 2013-01-27 19:47:10 +0900
Served asset /twitter-bootstrap-static/bootstrap.css - 200 OK (4ms)


Started GET "/assets/twitter-bootstrap-static/fontawesome.css?body=1" for 59.134.163.107 at 2013-01-27 19:47:10 +0900
Served asset /twitter-bootstrap-static/fontawesome.css - 200 OK (2ms)


Started GET "/assets/bootstrap_and_overrides.css?body=1" for 59.134.163.107 at 2013-01-27 19:47:10 +0900
Served asset /bootstrap_and_overrides.css - 200 OK (4ms)


Started GET "/assets/musics.css?body=1" for 59.134.163.107 at 2013-01-27 19:47:10 +0900
Served asset /musics.css - 200 OK (1ms)


Started GET "/assets/scaffolds.css?body=1" for 59.134.163.107 at 2013-01-27 19:47:10 +0900
Served asset /scaffolds.css - 200 OK (1ms)
